Sender: LSF System <lsfadmin@eu-g1-034-2>
Subject: Job 217870066: <eq_peptide_5> in cluster <euler> Done

Job <eq_peptide_5> was submitted from host <eu-g1-023-4> by user <fpultar> in cluster <euler> at Mon May  9 10:50:53 2022
Job was executed on host(s) <16*eu-g1-034-2>, in queue <normal.24h>, as user <fpultar> in cluster <euler> at Mon May  9 10:51:11 2022
</cluster/home/fpultar> was used as the home directory.
</cluster/work/igc/fpultar/tutorials/gromos-tutorial/peptide/eq> was used as the working directory.
Started at Mon May  9 10:51:11 2022
Terminated at Mon May  9 10:52:41 2022
Results reported at Mon May  9 10:52:41 2022

Your job looked like:

------------------------------------------------------------
# LSBATCH: User input
#!/bin/sh

# first we set some variables
NAME=`whoami`
PROGRAM=/cluster/project/igc/fpultar/bin/gromosXX/bin/md_mpi
SIMULDIR=/cluster/work/igc/fpultar/tutorials/gromos-tutorial/peptide/eq

# create temporary directory
WORKDIR=${TMPDIR}/${SIMULDIR}/running
mkdir -p ${WORKDIR}
cd       ${WORKDIR}

# set the input files
TOPO=${SIMULDIR}/../topo/peptide_2Cl_54a7.top
IUNIT=${SIMULDIR}/eq_peptide_5.imd
INPUTCRD=${SIMULDIR}/eq_peptide_4.cnf
REFPOS=${SIMULDIR}/peptide_2Cl_h2o.rpr
POSRESSPEC=${SIMULDIR}/peptide_2Cl_h2o.por

#set the output files
OUNIT=eq_peptide_5.omd
OUTPUTCRD=eq_peptide_5.cnf
OUTPUTTRX=eq_peptide_5.trc
OUTPUTTRV=eq_peptide_5.trv
OUTPUTTRF=eq_peptide_5.trf
OUTPUTTRE=eq_peptide_5.tre


MDOK=1

${OPENMPI_ROOT}/bin/mpirun ${PROGRAM} \
	@topo        ${TOPO} \
	@conf        ${INPUTCRD} \
	@input       ${IUNIT} \
	@posresspec  ${POSRESSPEC} \
	@refpos      ${REFPOS} \
	@fin         ${OUTPUTCRD} \
	@trc         ${OUTPUTTRX} \
	@trv         ${OUTPUTTRV} \
	@trf         ${OUTPUTTRF} \
	@tre         ${OUTPUTTRE}\
	>            ${OUNIT}
grep "finished successfully" ${OUNIT} > /dev/null || MDOK=0

uname -a >> ${OUNIT}

# compress some files
gzip ${OUTPUTTRX}
gzip ${OUTPUTTRV}
gzip ${OUTPUTTRF}

(... more ...)
------------------------------------------------------------

Successfully completed.

Resource usage summary:

    CPU time :                                   798.46 sec.
    Max Memory :                                 989 MB
    Average Memory :                             565.20 MB
    Total Requested Memory :                     16384.00 MB
    Delta Memory :                               15395.00 MB
    Max Swap :                                   -
    Max Processes :                              20
    Max Threads :                                72
    Run time :                                   100 sec.
    Turnaround time :                            108 sec.

The output (if any) follows:



PS:

Read file </cluster/work/igc/fpultar/tutorials/gromos-tutorial/peptide/eq/eq_peptide_5.err> for stderr output of this job.

Sender: LSF System <lsfadmin@eu-g1-048-2>
Subject: Job 218092189: <eq_peptide_5> in cluster <euler> Done

Job <eq_peptide_5> was submitted from host <eu-login-27> by user <fpultar> in cluster <euler> at Tue May 10 10:31:24 2022
Job was executed on host(s) <16*eu-g1-048-2>, in queue <normal.24h>, as user <fpultar> in cluster <euler> at Tue May 10 10:31:37 2022
</cluster/home/fpultar> was used as the home directory.
</cluster/work/igc/fpultar/tutorials/gromos-tutorial/peptide/eq-test-system> was used as the working directory.
Started at Tue May 10 10:31:37 2022
Terminated at Tue May 10 10:31:40 2022
Results reported at Tue May 10 10:31:40 2022

Your job looked like:

------------------------------------------------------------
# LSBATCH: User input
#!/bin/sh

# first we set some variables
NAME=`whoami`
PROGRAM=/cluster/project/igc/fpultar/bin/gromosXX/bin/md_mpi
SIMULDIR=/cluster/work/igc/fpultar/tutorials/gromos-tutorial/peptide/eq-test-system

# create temporary directory
WORKDIR=${TMPDIR}/${SIMULDIR}/running
mkdir -p ${WORKDIR}
cd       ${WORKDIR}

# set the input files
TOPO=${SIMULDIR}/../topo/peptide_2Cl_54a7.top
IUNIT=${SIMULDIR}/eq_peptide_5.imd
INPUTCRD=${SIMULDIR}/eq_peptide_4.cnf
REFPOS=${SIMULDIR}/peptide_2Cl_h2o.rpr
POSRESSPEC=${SIMULDIR}/peptide_2Cl_h2o.por

#set the output files
OUNIT=eq_peptide_5.omd
OUTPUTCRD=eq_peptide_5.cnf
OUTPUTTRX=eq_peptide_5.trc
OUTPUTTRV=eq_peptide_5.trv
OUTPUTTRF=eq_peptide_5.trf
OUTPUTTRE=eq_peptide_5.tre


MDOK=1

${OPENMPI_ROOT}/bin/mpirun ${PROGRAM} \
	@topo        ${TOPO} \
	@conf        ${INPUTCRD} \
	@input       ${IUNIT} \
	@posresspec  ${POSRESSPEC} \
	@refpos      ${REFPOS} \
	@fin         ${OUTPUTCRD} \
	@trc         ${OUTPUTTRX} \
	@trv         ${OUTPUTTRV} \
	@trf         ${OUTPUTTRF} \
	@tre         ${OUTPUTTRE}\
	>            ${OUNIT}
grep "finished successfully" ${OUNIT} > /dev/null || MDOK=0

uname -a >> ${OUNIT}

# compress some files
gzip ${OUTPUTTRX}
gzip ${OUTPUTTRV}
gzip ${OUTPUTTRF}

(... more ...)
------------------------------------------------------------

Successfully completed.

Resource usage summary:

    CPU time :                                   4.48 sec.
    Max Memory :                                 387 MB
    Average Memory :                             25.00 MB
    Total Requested Memory :                     16384.00 MB
    Delta Memory :                               15997.00 MB
    Max Swap :                                   -
    Max Processes :                              4
    Max Threads :                                5
    Run time :                                   6 sec.
    Turnaround time :                            16 sec.

The output (if any) follows:



PS:

Read file </cluster/work/igc/fpultar/tutorials/gromos-tutorial/peptide/eq-test-system/eq_peptide_5.err> for stderr output of this job.

